<?xml version="1.0" encoding="utf-8"?><testsuites name="pytest tests"><testsuite name="pytest" errors="0" failures="0" skipped="0" tests="9" time="0.911" timestamp="2026-04-23T16:03:14.413614+00:00" hostname="agent-env-6deac621-6a5d-4886-a7ba-5623c4da7f2a"><testcase classname="backend.tests.test_contact_api.TestHealth" name="test_api_root_ok" time="0.282" /><testcase classname="backend.tests.test_contact_api.TestContactCreate" name="test_contact_create_happy_path" time="0.059" /><testcase classname="backend.tests.test_contact_api.TestContactCreate" name="test_contact_missing_name_returns_422" time="0.054" /><testcase classname="backend.tests.test_contact_api.TestContactCreate" name="test_contact_missing_email_returns_422" time="0.047" /><testcase classname="backend.tests.test_contact_api.TestContactCreate" name="test_contact_missing_message_returns_422" time="0.052" /><testcase classname="backend.tests.test_contact_api.TestContactCreate" name="test_contact_empty_name_returns_422" time="0.051" /><testcase classname="backend.tests.test_contact_api.TestContactCreate" name="test_contact_invalid_email_returns_422" time="0.053" /><testcase classname="backend.tests.test_contact_api.TestContactCreate" name="test_contact_optional_fields_nullable" time="0.051" /><testcase classname="backend.tests.test_contact_api.TestContactList" name="test_contact_list_returns_list_without_id" time="0.104" /></testsuite></testsuites>